Invoked as: ./configure --disable-lineedit "--with-out-jim-ext=stdlib posix load signal syslog" --prefix=/usr
Failed: cc -Wall -c conftest__.c -o conftest__.o
conftest__.c:1:25: fatal error: crt_externs.h: No such file or directory
compilation terminated.
child process exited abnormally
============
The failed code was:
#include <crt_externs.h>
int main(void) {

return 0;
}
============
Failed: cc -Wall conftest__.c -o conftest__
/tmp/ccykBMpO.o: In function `main':
conftest__.c:(.text+0x8): undefined reference to `sys_signame'
collect2: ld returned 1 exit status
child process exited abnormally
============
The failed code was:
extern void sys_signame(void);
int main(void) {
sys_signame();
return 0;
}
============
Failed: cc -Wall conftest__.c -o conftest__
/tmp/ccidk5q9.o: In function `main':
conftest__.c:(.text+0x8): undefined reference to `_NSGetEnviron'
collect2: ld returned 1 exit status
child process exited abnormally
============
The failed code was:
extern void _NSGetEnviron(void);
int main(void) {
_NSGetEnviron();
return 0;
}
============
Failed: cc -Wall -c conftest__.c -o conftest__.o
conftest__.c: In function ‘main’:
conftest__.c:4:1: error: too few arguments to function ‘mkdir’
/usr/include/arm-linux-gnueabihf/sys/stat.h:323:12: note: declared here
child process exited abnormally
============
The failed code was:
#include <sys/types.h>
#include <sys/stat.h>
int main(void) {
mkdir("/dummy");
return 0;
}
============
